<?xml version="1.0" encoding="UTF-8"?>
<!-- Generated by org.testng.reporters.JUnitXMLReporter -->
<testsuite ignored="0" hostname="WINDOWS-VSABPKC" failures="0" tests="3" name="Test" time="135.389" errors="0" timestamp="2023-07-18T15:28:23 IST">
  <testcase classname="admin_page_testcases.User_add_Case" name="admincase" time="31.86"/>
  <testcase classname="admin_page_testcases.PIM_testcases" name="admincase" time="29.847"/>
  <testcase classname="admin_page_testcases.Feature_One" name="admincase" time="6.062"/>
</testsuite> <!-- Test -->
